<?xml version="1.0" encoding="UTF-8"?>
<!-- Generated by org.testng.reporters.JUnitReportReporter -->
<testsuite hostname="LAPTOP-0Q0A67KA" failures="0" tests="1" name="testng.OrangeHRMLogin" time="0.009" errors="0" timestamp="2024-04-02T21:30:59 IST" skipped="0">
  <testcase classname="testng.OrangeHRMLogin" name="loginOrangeHRM" time="0.009"/>
  <system-out/>
</testsuite> <!-- testng.OrangeHRMLogin -->
