<?xml version="1.0" encoding="UTF-8"?>
<!-- Generated by org.testng.reporters.JUnitReportReporter -->
<testsuite hostname="LAPTOP-0Q0A67KA" failures="0" tests="1" name="testng.OrangeHRMLogin" time="0.003" errors="0" timestamp="2024-04-02T22:01:40 IST" skipped="0">
  <testcase classname="testng.OrangeHRMLogin" name="loginOrangeHRM" time="0.003"/>
  <system-out/>
</testsuite> <!-- testng.OrangeHRMLogin -->
